<?xml version="1.0" encoding="UTF-8"?>
<testsuite xmlns:xsi="http://www.w3.org/2001/XMLSchema-instance" xsi:noNamespaceSchemaLocation="https://maven.apache.org/surefire/maven-surefire-plugin/xsd/surefire-test-report.xsd" name="cn.asens.TestS" time="0.025" tests="1" errors="0" skipped="0" failures="0">
  <properties>
    <property name="sun.desktop" value="windows"/>
    <property name="awt.toolkit" value="sun.awt.windows.WToolkit"/>
    <property name="file.encoding.pkg" value="sun.io"/>
    <property name="java.specification.version" value="1.8"/>
    <property name="sun.cpu.isalist" value="amd64"/>
    <property name="sun.jnu.encoding" value="GBK"/>
    <property name="java.class.path" value="C:\Users\Asens\IdeaProjects\ComponentsStarter\target\test-classes;C:\Users\Asens\IdeaProjects\ComponentsStarter\target\classes;C:\Users\Asens\.m2\repository\org\springframework\boot\spring-boot-starter-web\2.0.4.RELEASE\spring-boot-starter-web-2.0.4.RELEASE.jar;C:\Users\Asens\.m2\repository\org\springframework\boot\spring-boot-starter\2.0.4.RELEASE\spring-boot-starter-2.0.4.RELEASE.jar;C:\Users\Asens\.m2\repository\org\springframework\boot\spring-boot\2.0.4.RELEASE\spring-boot-2.0.4.RELEASE.jar;C:\Users\Asens\.m2\repository\org\springframework\boot\spring-boot-autoconfigure\2.0.4.RELEASE\spring-boot-autoconfigure-2.0.4.RELEASE.jar;C:\Users\Asens\.m2\repository\org\springframework\boot\spring-boot-starter-logging\2.0.4.RELEASE\spring-boot-starter-logging-2.0.4.RELEASE.jar;C:\Users\Asens\.m2\repository\ch\qos\logback\logback-classic\1.2.3\logback-classic-1.2.3.jar;C:\Users\Asens\.m2\repository\ch\qos\logback\logback-core\1.2.3\logback-core-1.2.3.jar;C:\Users\Asens\.m2\repository\org\apache\logging\log4j\log4j-to-slf4j\2.10.0\log4j-to-slf4j-2.10.0.jar;C:\Users\Asens\.m2\repository\org\slf4j\jul-to-slf4j\1.7.25\jul-to-slf4j-1.7.25.jar;C:\Users\Asens\.m2\repository\javax\annotation\javax.annotation-api\1.3.2\javax.annotation-api-1.3.2.jar;C:\Users\Asens\.m2\repository\org\springframework\spring-core\5.0.8.RELEASE\spring-core-5.0.8.RELEASE.jar;C:\Users\Asens\.m2\repository\org\springframework\spring-jcl\5.0.8.RELEASE\spring-jcl-5.0.8.RELEASE.jar;C:\Users\Asens\.m2\repository\org\yaml\snakeyaml\1.19\snakeyaml-1.19.jar;C:\Users\Asens\.m2\repository\org\springframework\boot\spring-boot-starter-json\2.0.4.RELEASE\spring-boot-starter-json-2.0.4.RELEASE.jar;C:\Users\Asens\.m2\repository\com\fasterxml\jackson\core\jackson-databind\2.9.6\jackson-databind-2.9.6.jar;C:\Users\Asens\.m2\repository\com\fasterxml\jackson\core\jackson-annotations\2.9.0\jackson-annotations-2.9.0.jar;C:\Users\Asens\.m2\repository\com\fasterxml\jackson\datatype\jackson-datatype-jdk8\2.9.6\jackson-datatype-jdk8-2.9.6.jar;C:\Users\Asens\.m2\repository\com\fasterxml\jackson\datatype\jackson-datatype-jsr310\2.9.6\jackson-datatype-jsr310-2.9.6.jar;C:\Users\Asens\.m2\repository\com\fasterxml\jackson\module\jackson-module-parameter-names\2.9.6\jackson-module-parameter-names-2.9.6.jar;C:\Users\Asens\.m2\repository\org\springframework\boot\spring-boot-starter-tomcat\2.0.4.RELEASE\spring-boot-starter-tomcat-2.0.4.RELEASE.jar;C:\Users\Asens\.m2\repository\org\apache\tomcat\embed\tomcat-embed-core\8.5.32\tomcat-embed-core-8.5.32.jar;C:\Users\Asens\.m2\repository\org\apache\tomcat\embed\tomcat-embed-el\8.5.32\tomcat-embed-el-8.5.32.jar;C:\Users\Asens\.m2\repository\org\apache\tomcat\embed\tomcat-embed-websocket\8.5.32\tomcat-embed-websocket-8.5.32.jar;C:\Users\Asens\.m2\repository\org\hibernate\validator\hibernate-validator\6.0.11.Final\hibernate-validator-6.0.11.Final.jar;C:\Users\Asens\.m2\repository\javax\validation\validation-api\2.0.1.Final\validation-api-2.0.1.Final.jar;C:\Users\Asens\.m2\repository\org\jboss\logging\jboss-logging\3.3.2.Final\jboss-logging-3.3.2.Final.jar;C:\Users\Asens\.m2\repository\com\fasterxml\classmate\1.3.4\classmate-1.3.4.jar;C:\Users\Asens\.m2\repository\org\springframework\spring-web\5.0.8.RELEASE\spring-web-5.0.8.RELEASE.jar;C:\Users\Asens\.m2\repository\org\springframework\spring-beans\5.0.8.RELEASE\spring-beans-5.0.8.RELEASE.jar;C:\Users\Asens\.m2\repository\org\springframework\spring-webmvc\5.0.8.RELEASE\spring-webmvc-5.0.8.RELEASE.jar;C:\Users\Asens\.m2\repository\org\springframework\spring-aop\5.0.8.RELEASE\spring-aop-5.0.8.RELEASE.jar;C:\Users\Asens\.m2\repository\org\springframework\spring-context\5.0.8.RELEASE\spring-context-5.0.8.RELEASE.jar;C:\Users\Asens\.m2\repository\org\springframework\spring-expression\5.0.8.RELEASE\spring-expression-5.0.8.RELEASE.jar;C:\Users\Asens\.m2\repository\org\springframework\boot\spring-boot-starter-data-elasticsearch\2.0.4.RELEASE\spring-boot-starter-data-elasticsearch-2.0.4.RELEASE.jar;C:\Users\Asens\.m2\repository\org\springframework\data\spring-data-elasticsearch\3.0.9.RELEASE\spring-data-elasticsearch-3.0.9.RELEASE.jar;C:\Users\Asens\.m2\repository\org\springframework\spring-tx\5.0.8.RELEASE\spring-tx-5.0.8.RELEASE.jar;C:\Users\Asens\.m2\repository\org\springframework\data\spring-data-commons\2.0.9.RELEASE\spring-data-commons-2.0.9.RELEASE.jar;C:\Users\Asens\.m2\repository\joda-time\joda-time\2.9.9\joda-time-2.9.9.jar;C:\Users\Asens\.m2\repository\org\elasticsearch\client\transport\5.6.10\transport-5.6.10.jar;C:\Users\Asens\.m2\repository\org\elasticsearch\elasticsearch\5.6.10\elasticsearch-5.6.10.jar;C:\Users\Asens\.m2\repository\org\apache\lucene\lucene-core\6.6.1\lucene-core-6.6.1.jar;C:\Users\Asens\.m2\repository\org\apache\lucene\lucene-analyzers-common\6.6.1\lucene-analyzers-common-6.6.1.jar;C:\Users\Asens\.m2\repository\org\apache\lucene\lucene-backward-codecs\6.6.1\lucene-backward-codecs-6.6.1.jar;C:\Users\Asens\.m2\repository\org\apache\lucene\lucene-grouping\6.6.1\lucene-grouping-6.6.1.jar;C:\Users\Asens\.m2\repository\org\apache\lucene\lucene-highlighter\6.6.1\lucene-highlighter-6.6.1.jar;C:\Users\Asens\.m2\repository\org\apache\lucene\lucene-join\6.6.1\lucene-join-6.6.1.jar;C:\Users\Asens\.m2\repository\org\apache\lucene\lucene-memory\6.6.1\lucene-memory-6.6.1.jar;C:\Users\Asens\.m2\repository\org\apache\lucene\lucene-misc\6.6.1\lucene-misc-6.6.1.jar;C:\Users\Asens\.m2\repository\org\apache\lucene\lucene-queries\6.6.1\lucene-queries-6.6.1.jar;C:\Users\Asens\.m2\repository\org\apache\lucene\lucene-queryparser\6.6.1\lucene-queryparser-6.6.1.jar;C:\Users\Asens\.m2\repository\org\apache\lucene\lucene-sandbox\6.6.1\lucene-sandbox-6.6.1.jar;C:\Users\Asens\.m2\repository\org\apache\lucene\lucene-spatial\6.6.1\lucene-spatial-6.6.1.jar;C:\Users\Asens\.m2\repository\org\apache\lucene\lucene-spatial-extras\6.6.1\lucene-spatial-extras-6.6.1.jar;C:\Users\Asens\.m2\repository\org\apache\lucene\lucene-spatial3d\6.6.1\lucene-spatial3d-6.6.1.jar;C:\Users\Asens\.m2\repository\org\apache\lucene\lucene-suggest\6.6.1\lucene-suggest-6.6.1.jar;C:\Users\Asens\.m2\repository\org\elasticsearch\securesm\1.2\securesm-1.2.jar;C:\Users\Asens\.m2\repository\net\sf\jopt-simple\jopt-simple\5.0.2\jopt-simple-5.0.2.jar;C:\Users\Asens\.m2\repository\com\carrotsearch\hppc\0.7.1\hppc-0.7.1.jar;C:\Users\Asens\.m2\repository\com\fasterxml\jackson\dataformat\jackson-dataformat-smile\2.9.6\jackson-dataformat-smile-2.9.6.jar;C:\Users\Asens\.m2\repository\com\fasterxml\jackson\dataformat\jackson-dataformat-yaml\2.9.6\jackson-dataformat-yaml-2.9.6.jar;C:\Users\Asens\.m2\repository\com\fasterxml\jackson\dataformat\jackson-dataformat-cbor\2.9.6\jackson-dataformat-cbor-2.9.6.jar;C:\Users\Asens\.m2\repository\com\tdunning\t-digest\3.0\t-digest-3.0.jar;C:\Users\Asens\.m2\repository\org\hdrhistogram\HdrHistogram\2.1.9\HdrHistogram-2.1.9.jar;C:\Users\Asens\.m2\repository\org\elasticsearch\plugin\reindex-client\5.6.10\reindex-client-5.6.10.jar;C:\Users\Asens\.m2\repository\org\elasticsearch\client\elasticsearch-rest-client\5.6.10\elasticsearch-rest-client-5.6.10.jar;C:\Users\Asens\.m2\repository\org\apache\httpcomponents\httpclient\4.5.6\httpclient-4.5.6.jar;C:\Users\Asens\.m2\repository\org\apache\httpcomponents\httpcore\4.4.10\httpcore-4.4.10.jar;C:\Users\Asens\.m2\repository\org\apache\httpcomponents\httpasyncclient\4.1.3\httpasyncclient-4.1.3.jar;C:\Users\Asens\.m2\repository\org\apache\httpcomponents\httpcore-nio\4.4.10\httpcore-nio-4.4.10.jar;C:\Users\Asens\.m2\repository\commons-codec\commons-codec\1.11\commons-codec-1.11.jar;C:\Users\Asens\.m2\repository\org\elasticsearch\plugin\lang-mustache-client\5.6.10\lang-mustache-client-5.6.10.jar;C:\Users\Asens\.m2\repository\com\github\spullara\mustache\java\compiler\0.9.3\compiler-0.9.3.jar;C:\Users\Asens\.m2\repository\org\elasticsearch\plugin\percolator-client\5.6.10\percolator-client-5.6.10.jar;C:\Users\Asens\.m2\repository\org\elasticsearch\plugin\parent-join-client\5.6.10\parent-join-client-5.6.10.jar;C:\Users\Asens\.m2\repository\org\elasticsearch\plugin\transport-netty4-client\5.6.10\transport-netty4-client-5.6.10.jar;C:\Users\Asens\.m2\repository\io\netty\netty-buffer\4.1.27.Final\netty-buffer-4.1.27.Final.jar;C:\Users\Asens\.m2\repository\io\netty\netty-codec\4.1.27.Final\netty-codec-4.1.27.Final.jar;C:\Users\Asens\.m2\repository\io\netty\netty-codec-http\4.1.27.Final\netty-codec-http-4.1.27.Final.jar;C:\Users\Asens\.m2\repository\io\netty\netty-common\4.1.27.Final\netty-common-4.1.27.Final.jar;C:\Users\Asens\.m2\repository\io\netty\netty-handler\4.1.27.Final\netty-handler-4.1.27.Final.jar;C:\Users\Asens\.m2\repository\io\netty\netty-resolver\4.1.27.Final\netty-resolver-4.1.27.Final.jar;C:\Users\Asens\.m2\repository\io\netty\netty-transport\4.1.27.Final\netty-transport-4.1.27.Final.jar;C:\Users\Asens\.m2\repository\org\locationtech\spatial4j\spatial4j\0.6\spatial4j-0.6.jar;C:\Users\Asens\.m2\repository\com\vividsolutions\jts\1.13\jts-1.13.jar;C:\Users\Asens\.m2\repository\org\apache\logging\log4j\log4j-api\2.10.0\log4j-api-2.10.0.jar;C:\Users\Asens\.m2\repository\org\elasticsearch\jna\4.4.0-1\jna-4.4.0-1.jar;C:\Users\Asens\.m2\repository\com\fasterxml\jackson\core\jackson-core\2.9.6\jackson-core-2.9.6.jar;C:\Users\Asens\.m2\repository\org\slf4j\slf4j-api\1.7.25\slf4j-api-1.7.25.jar;C:\Users\Asens\.m2\repository\junit\junit\4.12\junit-4.12.jar;C:\Users\Asens\.m2\repository\org\hamcrest\hamcrest-core\1.3\hamcrest-core-1.3.jar;"/>
    <property name="java.vm.vendor" value="Oracle Corporation"/>
    <property name="sun.arch.data.model" value="64"/>
    <property name="user.variant" value=""/>
    <property name="java.vendor.url" value="http://java.oracle.com/"/>
    <property name="user.timezone" value=""/>
    <property name="java.vm.specification.version" value="1.8"/>
    <property name="os.name" value="Windows 7"/>
    <property name="user.country" value="CN"/>
    <property name="sun.java.launcher" value="SUN_STANDARD"/>
    <property name="sun.boot.library.path" value="C:\Program Files\Java\jdk1.8.0_131\jre\bin"/>
    <property name="sun.java.command" value="C:\Users\Asens\AppData\Local\Temp\surefire5379746404138883000\surefirebooter5210986034982703250.jar C:\Users\Asens\AppData\Local\Temp\surefire5379746404138883000 2019-08-14T11-30-45_003-jvmRun1 surefire5331925991974073188tmp surefire_02219672790852672506tmp"/>
    <property name="surefire.test.class.path" value="C:\Users\Asens\IdeaProjects\ComponentsStarter\target\test-classes;C:\Users\Asens\IdeaProjects\ComponentsStarter\target\classes;C:\Users\Asens\.m2\repository\org\springframework\boot\spring-boot-starter-web\2.0.4.RELEASE\spring-boot-starter-web-2.0.4.RELEASE.jar;C:\Users\Asens\.m2\repository\org\springframework\boot\spring-boot-starter\2.0.4.RELEASE\spring-boot-starter-2.0.4.RELEASE.jar;C:\Users\Asens\.m2\repository\org\springframework\boot\spring-boot\2.0.4.RELEASE\spring-boot-2.0.4.RELEASE.jar;C:\Users\Asens\.m2\repository\org\springframework\boot\spring-boot-autoconfigure\2.0.4.RELEASE\spring-boot-autoconfigure-2.0.4.RELEASE.jar;C:\Users\Asens\.m2\repository\org\springframework\boot\spring-boot-starter-logging\2.0.4.RELEASE\spring-boot-starter-logging-2.0.4.RELEASE.jar;C:\Users\Asens\.m2\repository\ch\qos\logback\logback-classic\1.2.3\logback-classic-1.2.3.jar;C:\Users\Asens\.m2\repository\ch\qos\logback\logback-core\1.2.3\logback-core-1.2.3.jar;C:\Users\Asens\.m2\repository\org\apache\logging\log4j\log4j-to-slf4j\2.10.0\log4j-to-slf4j-2.10.0.jar;C:\Users\Asens\.m2\repository\org\slf4j\jul-to-slf4j\1.7.25\jul-to-slf4j-1.7.25.jar;C:\Users\Asens\.m2\repository\javax\annotation\javax.annotation-api\1.3.2\javax.annotation-api-1.3.2.jar;C:\Users\Asens\.m2\repository\org\springframework\spring-core\5.0.8.RELEASE\spring-core-5.0.8.RELEASE.jar;C:\Users\Asens\.m2\repository\org\springframework\spring-jcl\5.0.8.RELEASE\spring-jcl-5.0.8.RELEASE.jar;C:\Users\Asens\.m2\repository\org\yaml\snakeyaml\1.19\snakeyaml-1.19.jar;C:\Users\Asens\.m2\repository\org\springframework\boot\spring-boot-starter-json\2.0.4.RELEASE\spring-boot-starter-json-2.0.4.RELEASE.jar;C:\Users\Asens\.m2\repository\com\fasterxml\jackson\core\jackson-databind\2.9.6\jackson-databind-2.9.6.jar;C:\Users\Asens\.m2\repository\com\fasterxml\jackson\core\jackson-annotations\2.9.0\jackson-annotations-2.9.0.jar;C:\Users\Asens\.m2\repository\com\fasterxml\jackson\datatype\jackson-datatype-jdk8\2.9.6\jackson-datatype-jdk8-2.9.6.jar;C:\Users\Asens\.m2\repository\com\fasterxml\jackson\datatype\jackson-datatype-jsr310\2.9.6\jackson-datatype-jsr310-2.9.6.jar;C:\Users\Asens\.m2\repository\com\fasterxml\jackson\module\jackson-module-parameter-names\2.9.6\jackson-module-parameter-names-2.9.6.jar;C:\Users\Asens\.m2\repository\org\springframework\boot\spring-boot-starter-tomcat\2.0.4.RELEASE\spring-boot-starter-tomcat-2.0.4.RELEASE.jar;C:\Users\Asens\.m2\repository\org\apache\tomcat\embed\tomcat-embed-core\8.5.32\tomcat-embed-core-8.5.32.jar;C:\Users\Asens\.m2\repository\org\apache\tomcat\embed\tomcat-embed-el\8.5.32\tomcat-embed-el-8.5.32.jar;C:\Users\Asens\.m2\repository\org\apache\tomcat\embed\tomcat-embed-websocket\8.5.32\tomcat-embed-websocket-8.5.32.jar;C:\Users\Asens\.m2\repository\org\hibernate\validator\hibernate-validator\6.0.11.Final\hibernate-validator-6.0.11.Final.jar;C:\Users\Asens\.m2\repository\javax\validation\validation-api\2.0.1.Final\validation-api-2.0.1.Final.jar;C:\Users\Asens\.m2\repository\org\jboss\logging\jboss-logging\3.3.2.Final\jboss-logging-3.3.2.Final.jar;C:\Users\Asens\.m2\repository\com\fasterxml\classmate\1.3.4\classmate-1.3.4.jar;C:\Users\Asens\.m2\repository\org\springframework\spring-web\5.0.8.RELEASE\spring-web-5.0.8.RELEASE.jar;C:\Users\Asens\.m2\repository\org\springframework\spring-beans\5.0.8.RELEASE\spring-beans-5.0.8.RELEASE.jar;C:\Users\Asens\.m2\repository\org\springframework\spring-webmvc\5.0.8.RELEASE\spring-webmvc-5.0.8.RELEASE.jar;C:\Users\Asens\.m2\repository\org\springframework\spring-aop\5.0.8.RELEASE\spring-aop-5.0.8.RELEASE.jar;C:\Users\Asens\.m2\repository\org\springframework\spring-context\5.0.8.RELEASE\spring-context-5.0.8.RELEASE.jar;C:\Users\Asens\.m2\repository\org\springframework\spring-expression\5.0.8.RELEASE\spring-expression-5.0.8.RELEASE.jar;C:\Users\Asens\.m2\repository\org\springframework\boot\spring-boot-starter-data-elasticsearch\2.0.4.RELEASE\spring-boot-starter-data-elasticsearch-2.0.4.RELEASE.jar;C:\Users\Asens\.m2\repository\org\springframework\data\spring-data-elasticsearch\3.0.9.RELEASE\spring-data-elasticsearch-3.0.9.RELEASE.jar;C:\Users\Asens\.m2\repository\org\springframework\spring-tx\5.0.8.RELEASE\spring-tx-5.0.8.RELEASE.jar;C:\Users\Asens\.m2\repository\org\springframework\data\spring-data-commons\2.0.9.RELEASE\spring-data-commons-2.0.9.RELEASE.jar;C:\Users\Asens\.m2\repository\joda-time\joda-time\2.9.9\joda-time-2.9.9.jar;C:\Users\Asens\.m2\repository\org\elasticsearch\client\transport\5.6.10\transport-5.6.10.jar;C:\Users\Asens\.m2\repository\org\elasticsearch\elasticsearch\5.6.10\elasticsearch-5.6.10.jar;C:\Users\Asens\.m2\repository\org\apache\lucene\lucene-core\6.6.1\lucene-core-6.6.1.jar;C:\Users\Asens\.m2\repository\org\apache\lucene\lucene-analyzers-common\6.6.1\lucene-analyzers-common-6.6.1.jar;C:\Users\Asens\.m2\repository\org\apache\lucene\lucene-backward-codecs\6.6.1\lucene-backward-codecs-6.6.1.jar;C:\Users\Asens\.m2\repository\org\apache\lucene\lucene-grouping\6.6.1\lucene-grouping-6.6.1.jar;C:\Users\Asens\.m2\repository\org\apache\lucene\lucene-highlighter\6.6.1\lucene-highlighter-6.6.1.jar;C:\Users\Asens\.m2\repository\org\apache\lucene\lucene-join\6.6.1\lucene-join-6.6.1.jar;C:\Users\Asens\.m2\repository\org\apache\lucene\lucene-memory\6.6.1\lucene-memory-6.6.1.jar;C:\Users\Asens\.m2\repository\org\apache\lucene\lucene-misc\6.6.1\lucene-misc-6.6.1.jar;C:\Users\Asens\.m2\repository\org\apache\lucene\lucene-queries\6.6.1\lucene-queries-6.6.1.jar;C:\Users\Asens\.m2\repository\org\apache\lucene\lucene-queryparser\6.6.1\lucene-queryparser-6.6.1.jar;C:\Users\Asens\.m2\repository\org\apache\lucene\lucene-sandbox\6.6.1\lucene-sandbox-6.6.1.jar;C:\Users\Asens\.m2\repository\org\apache\lucene\lucene-spatial\6.6.1\lucene-spatial-6.6.1.jar;C:\Users\Asens\.m2\repository\org\apache\lucene\lucene-spatial-extras\6.6.1\lucene-spatial-extras-6.6.1.jar;C:\Users\Asens\.m2\repository\org\apache\lucene\lucene-spatial3d\6.6.1\lucene-spatial3d-6.6.1.jar;C:\Users\Asens\.m2\repository\org\apache\lucene\lucene-suggest\6.6.1\lucene-suggest-6.6.1.jar;C:\Users\Asens\.m2\repository\org\elasticsearch\securesm\1.2\securesm-1.2.jar;C:\Users\Asens\.m2\repository\net\sf\jopt-simple\jopt-simple\5.0.2\jopt-simple-5.0.2.jar;C:\Users\Asens\.m2\repository\com\carrotsearch\hppc\0.7.1\hppc-0.7.1.jar;C:\Users\Asens\.m2\repository\com\fasterxml\jackson\dataformat\jackson-dataformat-smile\2.9.6\jackson-dataformat-smile-2.9.6.jar;C:\Users\Asens\.m2\repository\com\fasterxml\jackson\dataformat\jackson-dataformat-yaml\2.9.6\jackson-dataformat-yaml-2.9.6.jar;C:\Users\Asens\.m2\repository\com\fasterxml\jackson\dataformat\jackson-dataformat-cbor\2.9.6\jackson-dataformat-cbor-2.9.6.jar;C:\Users\Asens\.m2\repository\com\tdunning\t-digest\3.0\t-digest-3.0.jar;C:\Users\Asens\.m2\repository\org\hdrhistogram\HdrHistogram\2.1.9\HdrHistogram-2.1.9.jar;C:\Users\Asens\.m2\repository\org\elasticsearch\plugin\reindex-client\5.6.10\reindex-client-5.6.10.jar;C:\Users\Asens\.m2\repository\org\elasticsearch\client\elasticsearch-rest-client\5.6.10\elasticsearch-rest-client-5.6.10.jar;C:\Users\Asens\.m2\repository\org\apache\httpcomponents\httpclient\4.5.6\httpclient-4.5.6.jar;C:\Users\Asens\.m2\repository\org\apache\httpcomponents\httpcore\4.4.10\httpcore-4.4.10.jar;C:\Users\Asens\.m2\repository\org\apache\httpcomponents\httpasyncclient\4.1.3\httpasyncclient-4.1.3.jar;C:\Users\Asens\.m2\repository\org\apache\httpcomponents\httpcore-nio\4.4.10\httpcore-nio-4.4.10.jar;C:\Users\Asens\.m2\repository\commons-codec\commons-codec\1.11\commons-codec-1.11.jar;C:\Users\Asens\.m2\repository\org\elasticsearch\plugin\lang-mustache-client\5.6.10\lang-mustache-client-5.6.10.jar;C:\Users\Asens\.m2\repository\com\github\spullara\mustache\java\compiler\0.9.3\compiler-0.9.3.jar;C:\Users\Asens\.m2\repository\org\elasticsearch\plugin\percolator-client\5.6.10\percolator-client-5.6.10.jar;C:\Users\Asens\.m2\repository\org\elasticsearch\plugin\parent-join-client\5.6.10\parent-join-client-5.6.10.jar;C:\Users\Asens\.m2\repository\org\elasticsearch\plugin\transport-netty4-client\5.6.10\transport-netty4-client-5.6.10.jar;C:\Users\Asens\.m2\repository\io\netty\netty-buffer\4.1.27.Final\netty-buffer-4.1.27.Final.jar;C:\Users\Asens\.m2\repository\io\netty\netty-codec\4.1.27.Final\netty-codec-4.1.27.Final.jar;C:\Users\Asens\.m2\repository\io\netty\netty-codec-http\4.1.27.Final\netty-codec-http-4.1.27.Final.jar;C:\Users\Asens\.m2\repository\io\netty\netty-common\4.1.27.Final\netty-common-4.1.27.Final.jar;C:\Users\Asens\.m2\repository\io\netty\netty-handler\4.1.27.Final\netty-handler-4.1.27.Final.jar;C:\Users\Asens\.m2\repository\io\netty\netty-resolver\4.1.27.Final\netty-resolver-4.1.27.Final.jar;C:\Users\Asens\.m2\repository\io\netty\netty-transport\4.1.27.Final\netty-transport-4.1.27.Final.jar;C:\Users\Asens\.m2\repository\org\locationtech\spatial4j\spatial4j\0.6\spatial4j-0.6.jar;C:\Users\Asens\.m2\repository\com\vividsolutions\jts\1.13\jts-1.13.jar;C:\Users\Asens\.m2\repository\org\apache\logging\log4j\log4j-api\2.10.0\log4j-api-2.10.0.jar;C:\Users\Asens\.m2\repository\org\elasticsearch\jna\4.4.0-1\jna-4.4.0-1.jar;C:\Users\Asens\.m2\repository\com\fasterxml\jackson\core\jackson-core\2.9.6\jackson-core-2.9.6.jar;C:\Users\Asens\.m2\repository\org\slf4j\slf4j-api\1.7.25\slf4j-api-1.7.25.jar;C:\Users\Asens\.m2\repository\junit\junit\4.12\junit-4.12.jar;C:\Users\Asens\.m2\repository\org\hamcrest\hamcrest-core\1.3\hamcrest-core-1.3.jar;"/>
    <property name="sun.cpu.endian" value="little"/>
    <property name="user.home" value="C:\Users\Asens"/>
    <property name="user.language" value="zh"/>
    <property name="java.specification.vendor" value="Oracle Corporation"/>
    <property name="java.home" value="C:\Program Files\Java\jdk1.8.0_131\jre"/>
    <property name="basedir" value="C:\Users\Asens\IdeaProjects\ComponentsStarter"/>
    <property name="file.separator" value="\"/>
    <property name="line.separator" value="&#10;"/>
    <property name="java.vm.specification.vendor" value="Oracle Corporation"/>
    <property name="java.specification.name" value="Java Platform API Specification"/>
    <property name="java.awt.graphicsenv" value="sun.awt.Win32GraphicsEnvironment"/>
    <property name="surefire.real.class.path" value="C:\Users\Asens\AppData\Local\Temp\surefire5379746404138883000\surefirebooter5210986034982703250.jar"/>
    <property name="sun.boot.class.path" value="C:\Program Files\Java\jdk1.8.0_131\jre\lib\resources.jar;C:\Program Files\Java\jdk1.8.0_131\jre\lib\rt.jar;C:\Program Files\Java\jdk1.8.0_131\jre\lib\sunrsasign.jar;C:\Program Files\Java\jdk1.8.0_131\jre\lib\jsse.jar;C:\Program Files\Java\jdk1.8.0_131\jre\lib\jce.jar;C:\Program Files\Java\jdk1.8.0_131\jre\lib\charsets.jar;C:\Program Files\Java\jdk1.8.0_131\jre\lib\jfr.jar;C:\Program Files\Java\jdk1.8.0_131\jre\classes"/>
    <property name="user.script" value=""/>
    <property name="sun.management.compiler" value="HotSpot 64-Bit Tiered Compilers"/>
    <property name="java.runtime.version" value="1.8.0_131-b11"/>
    <property name="user.name" value="Asens"/>
    <property name="path.separator" value=";"/>
    <property name="os.version" value="6.1"/>
    <property name="java.endorsed.dirs" value="C:\Program Files\Java\jdk1.8.0_131\jre\lib\endorsed"/>
    <property name="java.runtime.name" value="Java(TM) SE Runtime Environment"/>
    <property name="file.encoding" value="GBK"/>
    <property name="java.vm.name" value="Java HotSpot(TM) 64-Bit Server VM"/>
    <property name="localRepository" value="C:\Users\Asens\.m2\repository"/>
    <property name="java.vendor.url.bug" value="http://bugreport.sun.com/bugreport/"/>
    <property name="java.io.tmpdir" value="C:\Users\Asens\AppData\Local\Temp\"/>
    <property name="java.version" value="1.8.0_131"/>
    <property name="user.dir" value="C:\Users\Asens\IdeaProjects\ComponentsStarter"/>
    <property name="os.arch" value="amd64"/>
    <property name="java.vm.specification.name" value="Java Virtual Machine Specification"/>
    <property name="java.awt.printerjob" value="sun.awt.windows.WPrinterJob"/>
    <property name="sun.os.patch.level" value="Service Pack 1"/>
    <property name="idea.version2019.1" value="true"/>
    <property name="java.library.path" value="C:\Program Files\Java\jdk1.8.0_131\jre\bin;C:\Windows\Sun\Java\bin;C:\Windows\system32;C:\Windows;C:\Program Files (x86)\NetSarang\Xftp 6\;C:\Program Files (x86)\NetSarang\Xshell 6\;C:\ProgramData\Oracle\Java\javapath;C:\Program Files (x86)\Intel\iCLS Client\;C:\Program Files\Intel\iCLS Client\;C:\Windows\system32;C:\Windows;C:\Windows\System32\Wbem;C:\Windows\System32\WindowsPowerShell\v1.0\;C:\Program Files\Intel\Intel(R) Management Engine Components\DAL;C:\Program Files\Intel\Intel(R) Management Engine Components\IPT;C:\Program Files (x86)\Intel\Intel(R) Management Engine Components\DAL;C:\Program Files (x86)\Intel\Intel(R) Management Engine Components\IPT;C:\Program Files (x86)\Common Files\Lenovo;C:\SWTOOLS\ReadyApps;C:\Program Files\MySQL\MySQL Server 5.7\bin;C:\soft\apache-maven-3.6.1\bin;C:\Program Files\Git\cmd;C:\Program Files (x86)\NVIDIA Corporation\PhysX\Common;D:\IDEA\svn\bin;C:\Program Files\nodejs\;C:\Program Files (x86)\Gpg4win\..\GnuPG\bin;C:\Program Files\010 Editor;C:\Program Files\MySQL\MySQL Utilities 1.6\;C:\Program Files (x86)\Yarn\bin\;C:\Users\Asens\.app\;C:\Users\Asens\AppData\Roaming\npm;C:\Users\Asens\AppData\Local\Yarn\bin;."/>
    <property name="java.vm.info" value="mixed mode"/>
    <property name="java.vendor" value="Oracle Corporation"/>
    <property name="java.vm.version" value="25.131-b11"/>
    <property name="java.ext.dirs" value="C:\Program Files\Java\jdk1.8.0_131\jre\lib\ext;C:\Windows\Sun\Java\lib\ext"/>
    <property name="sun.io.unicode.encoding" value="UnicodeLittle"/>
    <property name="java.class.version" value="52.0"/>
  </properties>
  <testcase name="m" classname="cn.asens.TestS" time="0.001"/>
</testsuite>